<?xml version="1.0" encoding="UTF-8"?>
<testng-results skipped="0" failed="0" ignored="0" total="2" passed="2">
  <reporter-output>
  </reporter-output>
  <suite name="Suite" duration-ms="39585" started-at="2020-12-10T12:43:41 PKT" finished-at="2020-12-10T12:44:20 PKT">
    <groups>
    </groups>
    <test name="Test" duration-ms="39585" started-at="2020-12-10T12:43:41 PKT" finished-at="2020-12-10T12:44:20 PKT">
      <class name="tests.DemoqaTests">
        <test-method status="PASS" signature="SetUp()[pri:0, instance:tests.DemoqaTests@5442a311]" name="SetUp" is-config="true" duration-ms="22218" started-at="2020-12-10T12:43:41 PKT" finished-at="2020-12-10T12:44:03 PKT">
          <reporter-output>
          </reporter-output>
        </test-method> <!-- SetUp -->
        <test-method status="PASS" signature="verifyFormSubmission()[pri:0, instance:tests.DemoqaTests@5442a311]" name="verifyFormSubmission" duration-ms="6142" started-at="2020-12-10T12:44:03 PKT" finished-at="2020-12-10T12:44:09 PKT">
          <reporter-output>
          </reporter-output>
        </test-method> <!-- verifyFormSubmission -->
        <test-method status="PASS" signature="SetUp()[pri:0, instance:tests.DemoqaTests@5442a311]" name="SetUp" is-config="true" duration-ms="5680" started-at="2020-12-10T12:44:09 PKT" finished-at="2020-12-10T12:44:15 PKT">
          <reporter-output>
          </reporter-output>
        </test-method> <!-- SetUp -->
        <test-method status="PASS" signature="verifyRequiredField()[pri:0, instance:tests.DemoqaTests@5442a311]" name="verifyRequiredField" duration-ms="5500" started-at="2020-12-10T12:44:15 PKT" finished-at="2020-12-10T12:44:20 PKT">
          <reporter-output>
          </reporter-output>
        </test-method> <!-- verifyRequiredField -->
      </class> <!-- tests.DemoqaTests -->
    </test> <!-- Test -->
  </suite> <!-- Suite -->
</testng-results>
